# JRE version: Java(TM) SE Runtime Environment (17.0.10+11) (build 17.0.10+11-LTS-240)
# Java VM: Java HotSpot(TM) 64-Bit Server VM (17.0.10+11-LTS-240, mixed mode, sharing, tiered, compressed oops, compressed class ptrs, g1 gc, windows-amd64)
GC Precious Log:
 CPUs: 8 total, 8 available
 Memory: 6091M
 Large Page Support: Disabled
 NUMA Support: Disabled
 Compressed Oops: Enabled (32-bit)
 Heap Region Size: 1M
 Heap Min Capacity: 8M
 Heap Initial Capacity: 96M
 Heap Max Capacity: 1524M
 Pre-touch: Disabled
 Parallel Workers: 8
 Concurrent Workers: 2
 Concurrent Refinement Workers: 8
 Periodic GC: Disabled
Heap:
 garbage-first heap   total 51200K, used 22363K [0x00000000a0c00000, 0x0000000100000000)
  region size 1024K, 6 young (6144K), 2 survivors (2048K)
 Metaspace       used 43085K, committed 43520K, reserved 1114112K
  class space    used 5593K, committed 5824K, reserved 1048576K
GC Heap History (14 events):
Event: 2.381 GC heap before
{Heap before GC invocations=0 (full 0):
 garbage-first heap   total 98304K, used 24576K [0x00000000a0c00000, 0x0000000100000000)
  region size 1024K, 23 young (23552K), 0 survivors (0K)
 Metaspace       used 6439K, committed 6656K, reserved 1114112K
  class space    used 745K, committed 832K, reserved 1048576K
}
Event: 2.395 GC heap after
{Heap after GC invocations=1 (full 0):
 garbage-first heap   total 98304K, used 7076K [0x00000000a0c00000, 0x0000000100000000)
  region size 1024K, 3 young (3072K), 3 survivors (3072K)
 Metaspace       used 6439K, committed 6656K, reserved 1114112K
  class space    used 745K, committed 832K, reserved 1048576K
}
Event: 3.725 GC heap before
{Heap before GC invocations=1 (full 0):
 garbage-first heap   total 98304K, used 30628K [0x00000000a0c00000, 0x0000000100000000)
  region size 1024K, 27 young (27648K), 3 survivors (3072K)
 Metaspace       used 12769K, committed 12992K, reserved 1114112K
  class space    used 1530K, committed 1600K, reserved 1048576K
}
Event: 3.732 GC heap after
{Heap after GC invocations=2 (full 0):
 garbage-first heap   total 98304K, used 9216K [0x00000000a0c00000, 0x0000000100000000)
  region size 1024K, 2 young (2048K), 2 survivors (2048K)
 Metaspace       used 12769K, committed 12992K, reserved 1114112K
  class space    used 1530K, committed 1600K, reserved 1048576K
}
Event: 8.111 GC heap before
{Heap before GC invocations=2 (full 0):
 garbage-first heap   total 98304K, used 59392K [0x00000000a0c00000, 0x0000000100000000)
  region size 1024K, 52 young (53248K), 2 survivors (2048K)
 Metaspace       used 21226K, committed 21504K, reserved 1114112K
  class space    used 2624K, committed 2752K, reserved 1048576K
}
Event: 8.126 GC heap after
{Heap after GC invocations=3 (full 0):
 garbage-first heap   total 98304K, used 13180K [0x00000000a0c00000, 0x0000000100000000)
  region size 1024K, 6 young (6144K), 6 survivors (6144K)
 Metaspace       used 21226K, committed 21504K, reserved 1114112K
  class space    used 2624K, committed 2752K, reserved 1048576K
}
Event: 10.021 GC heap before
{Heap before GC invocations=4 (full 0):
 garbage-first heap   total 51200K, used 38780K [0x00000000a0c00000, 0x0000000100000000)
  region size 1024K, 32 young (32768K), 6 survivors (6144K)
 Metaspace       used 26831K, committed 27200K, reserved 1114112K
  class space    used 3381K, committed 3520K, reserved 1048576K
}
Event: 10.047 GC heap after
{Heap after GC invocations=5 (full 0):
 garbage-first heap   total 51200K, used 15693K [0x00000000a0c00000, 0x0000000100000000)
  region size 1024K, 3 young (3072K), 3 survivors (3072K)
 Metaspace       used 26831K, committed 27200K, reserved 1114112K
  class space    used 3381K, committed 3520K, reserved 1048576K
}
Event: 10.968 GC heap before
{Heap before GC invocations=6 (full 0):
 garbage-first heap   total 51200K, used 34125K [0x00000000a0c00000, 0x0000000100000000)
  region size 1024K, 22 young (22528K), 3 survivors (3072K)
 Metaspace       used 31780K, committed 32256K, reserved 1114112K
  class space    used 3984K, committed 4224K, reserved 1048576K
}
Event: 10.974 GC heap after
{Heap after GC invocations=7 (full 0):
 garbage-first heap   total 51200K, used 17464K [0x00000000a0c00000, 0x0000000100000000)
  region size 1024K, 2 young (2048K), 2 survivors (2048K)
 Metaspace       used 31780K, committed 32256K, reserved 1114112K
  class space    used 3984K, committed 4224K, reserved 1048576K
}
Event: 12.100 GC heap before
{Heap before GC invocations=7 (full 0):
 garbage-first heap   total 51200K, used 35896K [0x00000000a0c00000, 0x0000000100000000)
  region size 1024K, 21 young (21504K), 2 survivors (2048K)
 Metaspace       used 37024K, committed 37440K, reserved 1114112K
  class space    used 4718K, committed 4928K, reserved 1048576K
}
Event: 12.105 GC heap after
{Heap after GC invocations=8 (full 0):
 garbage-first heap   total 51200K, used 18219K [0x00000000a0c00000, 0x0000000100000000)
  region size 1024K, 3 young (3072K), 3 survivors (3072K)
 Metaspace       used 37024K, committed 37440K, reserved 1114112K
  class space    used 4718K, committed 4928K, reserved 1048576K
}
Event: 13.140 GC heap before
{Heap before GC invocations=8 (full 0):
 garbage-first heap   total 51200K, used 37675K [0x00000000a0c00000, 0x0000000100000000)
  region size 1024K, 22 young (22528K), 3 survivors (3072K)
 Metaspace       used 42050K, committed 42496K, reserved 1114112K
  class space    used 5430K, committed 5632K, reserved 1048576K
}
Event: 13.144 GC heap after
{Heap after GC invocations=9 (full 0):
 garbage-first heap   total 51200K, used 19291K [0x00000000a0c00000, 0x0000000100000000)
  region size 1024K, 2 young (2048K), 2 survivors (2048K)
 Metaspace       used 42050K, committed 42496K, reserved 1114112K
  class space    used 5430K, committed 5632K, reserved 1048576K
}

